<?xml version="1.0" encoding="UTF-8"?>
<!-- Generated by org.testng.reporters.JUnitReportReporter -->
<testsuite hostname="CRL00008" failures="0" tests="2" name="exercise2.QubikaSportsClub" time="12.287" errors="0" timestamp="2024-12-29T17:42:49 CST" skipped="0">
  <testcase classname="exercise2.QubikaSportsClub" name="loginValidation" time="11.470"/>
  <testcase classname="exercise2.QubikaSportsClub" name="registerUserApi" time="0.817"/>
</testsuite> <!-- exercise2.QubikaSportsClub -->
